<?xml version="1.0" encoding="UTF-8"?>
<testsuite xmlns:xsi="http://www.w3.org/2001/XMLSchema-instance" xsi:noNamespaceSchemaLocation="https://maven.apache.org/surefire/maven-surefire-plugin/xsd/surefire-test-report.xsd" name="runners.TestRunner" time="109.219" tests="26" errors="0" skipped="0" failures="0">
  <properties>
[...]
</properties>
  <testcase name="Given User Navigates to Application URL" classname="Scenario: Order Tshirts" time="0.001"/>
  <testcase name="When User Enters Valid UserName and Password then click on SignIn" classname="Scenario: Order Tshirts" time="0"/>
  <testcase name="Then User should be successfully logged into Application" classname="Scenario: Order Tshirts" time="0.001"/>
  <testcase name="Given User is on the MyAccount Page" classname="Scenario: Order Tshirts" time="0"/>
  <testcase name="When User Click on HomePage Button" classname="Scenario: Order Tshirts" time="0"/>
  <testcase name="Then User successfully navigated to Shopping Website HomePage" classname="Scenario: Order Tshirts" time="0"/>
  <testcase name="And User Selects the TShirt Category and list of Available Tshirts should be displayed" classname="Scenario: Order Tshirts" time="0"/>
  <testcase name="And User Select the Item and Click on AddtoCart Button" classname="Scenario: Order Tshirts" time="0"/>
  <testcase name="Then Item should be successfully added to Cart" classname="Scenario: Order Tshirts" time="0"/>
  <testcase name="And Item Details in Cart Summary Page should matched with Item Selection Page" classname="Scenario: Order Tshirts" time="0"/>
  <testcase name="And User Click on ProceedtoCheckOut Button on Cart Summary Page" classname="Scenario: Order Tshirts" time="0"/>
  <testcase name="And User Selects Delivery Address and click ProceedtoCheckOut Button on Address Confirmation Page" classname="Scenario: Order Tshirts" time="0"/>
  <testcase name="And User Selects Shipping Option and click ProceedtoCheckOut Button on Shipping Confirmation Page" classname="Scenario: Order Tshirts" time="0"/>
  <testcase name="And User Selects the Payment Method and Click on ConfirmMyOrder Button" classname="Scenario: Order Tshirts" time="0"/>
  <testcase name="Then Order Confirmation Page should be displayed and Order details should present in OrderHistory Page" classname="Scenario: Order Tshirts" time="0"/>
  <testcase name="Scenario: Order Tshirts" classname="Scenario: Order Tshirts" time="0.924"/>
  <testcase name="Given User Navigates to Application URL" classname="Scenario: Modify the FirstName of User" time="0"/>
  <testcase name="When User Enters Valid UserName and Password then click on SignIn" classname="Scenario: Modify the FirstName of User" time="0"/>
  <testcase name="Then User should be successfully logged into Application" classname="Scenario: Modify the FirstName of User" time="0"/>
  <testcase name="Given User is on the MyAccount Page" classname="Scenario: Modify the FirstName of User" time="0"/>
  <testcase name="And User Click on MyPersonalInformation Menu" classname="Scenario: Modify the FirstName of User" time="0"/>
  <testcase name="And User Modify the FirstName and Click on Save" classname="Scenario: Modify the FirstName of User" time="0"/>
  <testcase name="Then User details update Confirmation should be displayed" classname="Scenario: Modify the FirstName of User" time="0"/>
  <testcase name="And Modified FirstName should updated in Right Top Corner of WebPage" classname="Scenario: Modify the FirstName of User" time="0"/>
  <testcase name="And Modified FirstName should updated in MyPersonalInformation Page" classname="Scenario: Modify the FirstName of User" time="0"/>
  <testcase name="Scenario: Modify the FirstName of User" classname="Scenario: Modify the FirstName of User" time="0.73"/>
</testsuite>